<?xml version="1.0" encoding="UTF-8"?>
<!-- Generated by org.testng.reporters.JUnitXMLReporter -->
<testsuite hostname="DESKTOP-BV8MMDS" ignored="0" name="Command line test" tests="13" failures="1" timestamp="05 八月 2018 01:35:21 GMT" time="3.264" errors="0">
  <testcase name="b" time="0.001" classname="com.testfan.testng.TestNgTest"/>
  <testcase name="countByExample" time="1.453" classname="com.testfan.mybatis.TUser2MapperTest"/>
  <testcase name="a" time="0.012" classname="com.testfan.testng.TestNgTest">
    <failure type="java.lang.AssertionError" message="Not yet implemented">
      <![CDATA[java.lang.AssertionError: Not yet implemented
at com.testfan.testng.TestNgTest.a(TestNgTest.java:17)
... Removed 36 stack frames]]>
    </failure>
  </testcase> <!-- a -->
  <testcase name="add" time="0.008" classname="com.testfan.mybatis.TUserMapperTest"/>
  <testcase name="add" time="0.01" classname="com.testfan.mybatis.TUserMapperTest"/>
  <testcase name="add" time="0.009" classname="com.testfan.mybatis.TUserMapperTest"/>
  <testcase name="add" time="0.01" classname="com.testfan.mybatis.TUserMapperTest"/>
  <testcase name="add" time="0.009" classname="com.testfan.mybatis.TUserMapperTest"/>
  <testcase name="add" time="0.01" classname="com.testfan.mybatis.TUserMapperTest"/>
  <testcase name="add" time="0.008" classname="com.testfan.mybatis.TUserMapperTest"/>
  <testcase name="add" time="0.008" classname="com.testfan.mybatis.TUserMapperTest"/>
  <testcase name="add" time="0.008" classname="com.testfan.mybatis.TUserMapperTest"/>
  <testcase name="add" time="0.008" classname="com.testfan.mybatis.TUserMapperTest"/>
</testsuite> <!-- Command line test -->
