-------------------------------------------------------------------------------
Test set: TestSuite
-------------------------------------------------------------------------------
Tests run: 13, Failures: 1, Errors: 0, Skipped: 0, Time elapsed: 5.424 sec <<< FAILURE!
a(com.testfan.testng.TestNgTest)  Time elapsed: 0.009 sec  <<< FAILURE!
java.lang.AssertionError: Not yet implemented
	at org.testng.Assert.fail(Assert.java:96)
	at com.testfan.testng.TestNgTest.a(TestNgTest.java:17)

