<?xml version="1.0" encoding="UTF-8"?>
<testng-results skipped="0" failed="1" ignored="0" total="13" passed="12">
  <reporter-output>
  </reporter-output>
  <suite name="Command line suite" duration-ms="3264" started-at="2018-08-05T01:35:18Z" finished-at="2018-08-05T01:35:21Z">
    <groups>
    </groups>
    <test name="Command line test" duration-ms="3264" started-at="2018-08-05T01:35:18Z" finished-at="2018-08-05T01:35:21Z">
      <class name="com.testfan.mybatis.TUserMapperTest">
        <test-method status="PASS" signature="springTestContextPrepareTestInstance()[pri:0, instance:com.testfan.mybatis.TUserMapperTest@6279cee3]" name="springTestContextPrepareTestInstance" is-config="true" duration-ms="10" started-at="2018-08-05T01:35:21Z" depends-on-methods="org.springframework.test.context.testng.AbstractTestNGSpringContextTests.springTestContextBeforeTestClass" finished-at="2018-08-05T01:35:21Z">
          <reporter-output>
          </reporter-output>
        </test-method> <!-- springTestContextPrepareTestInstance -->
        <test-method status="PASS" signature="springTestContextBeforeTestClass()[pri:0, instance:com.testfan.mybatis.TUserMapperTest@6279cee3]" name="springTestContextBeforeTestClass" is-config="true" duration-ms="0" started-at="2018-08-05T01:35:21Z" finished-at="2018-08-05T01:35:21Z">
          <reporter-output>
          </reporter-output>
        </test-method> <!-- springTestContextBeforeTestClass -->
        <test-method status="PASS" signature="springTestContextBeforeTestMethod(java.lang.reflect.Method)[pri:0, instance:com.testfan.mybatis.TUserMapperTest@6279cee3]" name="springTestContextBeforeTestMethod" is-config="true" duration-ms="3" started-at="2018-08-05T01:35:21Z" finished-at="2018-08-05T01:35:21Z">
          <params>
            <param index="0">
              <value>
                <![CDATA[public void com.testfan.mybatis.TUserMapperTest.add(com.testfan.testng.TestBean)]]>
              </value>
            </param>
          </params>
          <reporter-output>
          </reporter-output>
        </test-method> <!-- springTestContextBeforeTestMethod -->
        <test-method status="PASS" signature="add(com.testfan.testng.TestBean)[pri:0, instance:com.testfan.mybatis.TUserMapperTest@6279cee3]" name="add" duration-ms="8" started-at="2018-08-05T01:35:21Z" data-provider="db" finished-at="2018-08-05T01:35:21Z">
          <params>
            <param index="0">
              <value>
                <![CDATA[com.testfan.testng.TestBean@3697186]]>
              </value>
            </param>
          </params>
          <reporter-output>
          </reporter-output>
        </test-method> <!-- add -->
        <test-method status="PASS" signature="springTestContextAfterTestMethod(java.lang.reflect.Method)[pri:0, instance:com.testfan.mybatis.TUserMapperTest@6279cee3]" name="springTestContextAfterTestMethod" is-config="true" duration-ms="0" started-at="2018-08-05T01:35:21Z" finished-at="2018-08-05T01:35:21Z">
          <params>
            <param index="0">
              <value>
                <![CDATA[public void com.testfan.mybatis.TUserMapperTest.add(com.testfan.testng.TestBean)]]>
              </value>
            </param>
          </params>
          <reporter-output>
          </reporter-output>
        </test-method> <!-- springTestContextAfterTestMethod -->
        <test-method status="PASS" signature="springTestContextBeforeTestMethod(java.lang.reflect.Method)[pri:0, instance:com.testfan.mybatis.TUserMapperTest@6279cee3]" name="springTestContextBeforeTestMethod" is-config="true" duration-ms="1" started-at="2018-08-05T01:35:21Z" finished-at="2018-08-05T01:35:21Z">
          <params>
            <param index="0">
              <value>
                <![CDATA[public void com.testfan.mybatis.TUserMapperTest.add(com.testfan.testng.TestBean)]]>
              </value>
            </param>
          </params>
          <reporter-output>
          </reporter-output>
        </test-method> <!-- springTestContextBeforeTestMethod -->
        <test-method status="PASS" signature="add(com.testfan.testng.TestBean)[pri:0, instance:com.testfan.mybatis.TUserMapperTest@6279cee3]" name="add" duration-ms="10" started-at="2018-08-05T01:35:21Z" data-provider="db" finished-at="2018-08-05T01:35:21Z">
          <params>
            <param index="0">
              <value>
                <![CDATA[com.testfan.testng.TestBean@1583741e]]>
              </value>
            </param>
          </params>
          <reporter-output>
          </reporter-output>
        </test-method> <!-- add -->
        <test-method status="PASS" signature="springTestContextAfterTestMethod(java.lang.reflect.Method)[pri:0, instance:com.testfan.mybatis.TUserMapperTest@6279cee3]" name="springTestContextAfterTestMethod" is-config="true" duration-ms="0" started-at="2018-08-05T01:35:21Z" finished-at="2018-08-05T01:35:21Z">
          <params>
            <param index="0">
              <value>
                <![CDATA[public void com.testfan.mybatis.TUserMapperTest.add(com.testfan.testng.TestBean)]]>
              </value>
            </param>
          </params>
          <reporter-output>
          </reporter-output>
        </test-method> <!-- springTestContextAfterTestMethod -->
        <test-method status="PASS" signature="add(com.testfan.testng.TestBean)[pri:0, instance:com.testfan.mybatis.TUserMapperTest@6279cee3]" name="add" duration-ms="9" started-at="2018-08-05T01:35:21Z" data-provider="db" finished-at="2018-08-05T01:35:21Z">
          <params>
            <param index="0">
              <value>
                <![CDATA[com.testfan.testng.TestBean@5b367418]]>
              </value>
            </param>
          </params>
          <reporter-output>
          </reporter-output>
        </test-method> <!-- add -->
        <test-method status="PASS" signature="springTestContextBeforeTestMethod(java.lang.reflect.Method)[pri:0, instance:com.testfan.mybatis.TUserMapperTest@6279cee3]" name="springTestContextBeforeTestMethod" is-config="true" duration-ms="0" started-at="2018-08-05T01:35:21Z" finished-at="2018-08-05T01:35:21Z">
          <params>
            <param index="0">
              <value>
                <![CDATA[public void com.testfan.mybatis.TUserMapperTest.add(com.testfan.testng.TestBean)]]>
              </value>
            </param>
          </params>
          <reporter-output>
          </reporter-output>
        </test-method> <!-- springTestContextBeforeTestMethod -->
        <test-method status="PASS" signature="springTestContextAfterTestMethod(java.lang.reflect.Method)[pri:0, instance:com.testfan.mybatis.TUserMapperTest@6279cee3]" name="springTestContextAfterTestMethod" is-config="true" duration-ms="0" started-at="2018-08-05T01:35:21Z" finished-at="2018-08-05T01:35:21Z">
          <params>
            <param index="0">
              <value>
                <![CDATA[public void com.testfan.mybatis.TUserMapperTest.add(com.testfan.testng.TestBean)]]>
              </value>
            </param>
          </params>
          <reporter-output>
          </reporter-output>
        </test-method> <!-- springTestContextAfterTestMethod -->
        <test-method status="PASS" signature="add(com.testfan.testng.TestBean)[pri:0, instance:com.testfan.mybatis.TUserMapperTest@6279cee3]" name="add" duration-ms="10" started-at="2018-08-05T01:35:21Z" data-provider="db" finished-at="2018-08-05T01:35:21Z">
          <params>
            <param index="0">
              <value>
                <![CDATA[com.testfan.testng.TestBean@36060e]]>
              </value>
            </param>
          </params>
          <reporter-output>
          </reporter-output>
        </test-method> <!-- add -->
        <test-method status="PASS" signature="springTestContextBeforeTestMethod(java.lang.reflect.Method)[pri:0, instance:com.testfan.mybatis.TUserMapperTest@6279cee3]" name="springTestContextBeforeTestMethod" is-config="true" duration-ms="0" started-at="2018-08-05T01:35:21Z" finished-at="2018-08-05T01:35:21Z">
          <params>
            <param index="0">
              <value>
                <![CDATA[public void com.testfan.mybatis.TUserMapperTest.add(com.testfan.testng.TestBean)]]>
              </value>
            </param>
          </params>
          <reporter-output>
          </reporter-output>
        </test-method> <!-- springTestContextBeforeTestMethod -->
        <test-method status="PASS" signature="springTestContextAfterTestMethod(java.lang.reflect.Method)[pri:0, instance:com.testfan.mybatis.TUserMapperTest@6279cee3]" name="springTestContextAfterTestMethod" is-config="true" duration-ms="0" started-at="2018-08-05T01:35:21Z" finished-at="2018-08-05T01:35:21Z">
          <params>
            <param index="0">
              <value>
                <![CDATA[public void com.testfan.mybatis.TUserMapperTest.add(com.testfan.testng.TestBean)]]>
              </value>
            </param>
          </params>
          <reporter-output>
          </reporter-output>
        </test-method> <!-- springTestContextAfterTestMethod -->
        <test-method status="PASS" signature="springTestContextBeforeTestMethod(java.lang.reflect.Method)[pri:0, instance:com.testfan.mybatis.TUserMapperTest@6279cee3]" name="springTestContextBeforeTestMethod" is-config="true" duration-ms="0" started-at="2018-08-05T01:35:21Z" finished-at="2018-08-05T01:35:21Z">
          <params>
            <param index="0">
              <value>
                <![CDATA[public void com.testfan.mybatis.TUserMapperTest.add(com.testfan.testng.TestBean)]]>
              </value>
            </param>
          </params>
          <reporter-output>
          </reporter-output>
        </test-method> <!-- springTestContextBeforeTestMethod -->
        <test-method status="PASS" signature="add(com.testfan.testng.TestBean)[pri:0, instance:com.testfan.mybatis.TUserMapperTest@6279cee3]" name="add" duration-ms="9" started-at="2018-08-05T01:35:21Z" data-provider="db" finished-at="2018-08-05T01:35:21Z">
          <params>
            <param index="0">
              <value>
                <![CDATA[com.testfan.testng.TestBean@481ba2cf]]>
              </value>
            </param>
          </params>
          <reporter-output>
          </reporter-output>
        </test-method> <!-- add -->
        <test-method status="PASS" signature="springTestContextAfterTestMethod(java.lang.reflect.Method)[pri:0, instance:com.testfan.mybatis.TUserMapperTest@6279cee3]" name="springTestContextAfterTestMethod" is-config="true" duration-ms="0" started-at="2018-08-05T01:35:21Z" finished-at="2018-08-05T01:35:21Z">
          <params>
            <param index="0">
              <value>
                <![CDATA[public void com.testfan.mybatis.TUserMapperTest.add(com.testfan.testng.TestBean)]]>
              </value>
            </param>
          </params>
          <reporter-output>
          </reporter-output>
        </test-method> <!-- springTestContextAfterTestMethod -->
        <test-method status="PASS" signature="springTestContextBeforeTestMethod(java.lang.reflect.Method)[pri:0, instance:com.testfan.mybatis.TUserMapperTest@6279cee3]" name="springTestContextBeforeTestMethod" is-config="true" duration-ms="0" started-at="2018-08-05T01:35:21Z" finished-at="2018-08-05T01:35:21Z">
          <params>
            <param index="0">
              <value>
                <![CDATA[public void com.testfan.mybatis.TUserMapperTest.add(com.testfan.testng.TestBean)]]>
              </value>
            </param>
          </params>
          <reporter-output>
          </reporter-output>
        </test-method> <!-- springTestContextBeforeTestMethod -->
        <test-method status="PASS" signature="add(com.testfan.testng.TestBean)[pri:0, instance:com.testfan.mybatis.TUserMapperTest@6279cee3]" name="add" duration-ms="10" started-at="2018-08-05T01:35:21Z" data-provider="db" finished-at="2018-08-05T01:35:21Z">
          <params>
            <param index="0">
              <value>
                <![CDATA[com.testfan.testng.TestBean@46b61c56]]>
              </value>
            </param>
          </params>
          <reporter-output>
          </reporter-output>
        </test-method> <!-- add -->
        <test-method status="PASS" signature="springTestContextAfterTestMethod(java.lang.reflect.Method)[pri:0, instance:com.testfan.mybatis.TUserMapperTest@6279cee3]" name="springTestContextAfterTestMethod" is-config="true" duration-ms="1" started-at="2018-08-05T01:35:21Z" finished-at="2018-08-05T01:35:21Z">
          <params>
            <param index="0">
              <value>
                <![CDATA[public void com.testfan.mybatis.TUserMapperTest.add(com.testfan.testng.TestBean)]]>
              </value>
            </param>
          </params>
          <reporter-output>
          </reporter-output>
        </test-method> <!-- springTestContextAfterTestMethod -->
        <test-method status="PASS" signature="springTestContextBeforeTestMethod(java.lang.reflect.Method)[pri:0, instance:com.testfan.mybatis.TUserMapperTest@6279cee3]" name="springTestContextBeforeTestMethod" is-config="true" duration-ms="1" started-at="2018-08-05T01:35:21Z" finished-at="2018-08-05T01:35:21Z">
          <params>
            <param index="0">
              <value>
                <![CDATA[public void com.testfan.mybatis.TUserMapperTest.add(com.testfan.testng.TestBean)]]>
              </value>
            </param>
          </params>
          <reporter-output>
          </reporter-output>
        </test-method> <!-- springTestContextBeforeTestMethod -->
        <test-method status="PASS" signature="add(com.testfan.testng.TestBean)[pri:0, instance:com.testfan.mybatis.TUserMapperTest@6279cee3]" name="add" duration-ms="8" started-at="2018-08-05T01:35:21Z" data-provider="db" finished-at="2018-08-05T01:35:21Z">
          <params>
            <param index="0">
              <value>
                <![CDATA[com.testfan.testng.TestBean@2e48362c]]>
              </value>
            </param>
          </params>
          <reporter-output>
          </reporter-output>
        </test-method> <!-- add -->
        <test-method status="PASS" signature="springTestContextAfterTestMethod(java.lang.reflect.Method)[pri:0, instance:com.testfan.mybatis.TUserMapperTest@6279cee3]" name="springTestContextAfterTestMethod" is-config="true" duration-ms="1" started-at="2018-08-05T01:35:21Z" finished-at="2018-08-05T01:35:21Z">
          <params>
            <param index="0">
              <value>
                <![CDATA[public void com.testfan.mybatis.TUserMapperTest.add(com.testfan.testng.TestBean)]]>
              </value>
            </param>
          </params>
          <reporter-output>
          </reporter-output>
        </test-method> <!-- springTestContextAfterTestMethod -->
        <test-method status="PASS" signature="springTestContextBeforeTestMethod(java.lang.reflect.Method)[pri:0, instance:com.testfan.mybatis.TUserMapperTest@6279cee3]" name="springTestContextBeforeTestMethod" is-config="true" duration-ms="1" started-at="2018-08-05T01:35:21Z" finished-at="2018-08-05T01:35:21Z">
          <params>
            <param index="0">
              <value>
                <![CDATA[public void com.testfan.mybatis.TUserMapperTest.add(com.testfan.testng.TestBean)]]>
              </value>
            </param>
          </params>
          <reporter-output>
          </reporter-output>
        </test-method> <!-- springTestContextBeforeTestMethod -->
        <test-method status="PASS" signature="add(com.testfan.testng.TestBean)[pri:0, instance:com.testfan.mybatis.TUserMapperTest@6279cee3]" name="add" duration-ms="8" started-at="2018-08-05T01:35:21Z" data-provider="db" finished-at="2018-08-05T01:35:21Z">
          <params>
            <param index="0">
              <value>
                <![CDATA[com.testfan.testng.TestBean@1efe439d]]>
              </value>
            </param>
          </params>
          <reporter-output>
          </reporter-output>
        </test-method> <!-- add -->
        <test-method status="PASS" signature="springTestContextBeforeTestMethod(java.lang.reflect.Method)[pri:0, instance:com.testfan.mybatis.TUserMapperTest@6279cee3]" name="springTestContextBeforeTestMethod" is-config="true" duration-ms="1" started-at="2018-08-05T01:35:21Z" finished-at="2018-08-05T01:35:21Z">
          <params>
            <param index="0">
              <value>
                <![CDATA[public void com.testfan.mybatis.TUserMapperTest.add(com.testfan.testng.TestBean)]]>
              </value>
            </param>
          </params>
          <reporter-output>
          </reporter-output>
        </test-method> <!-- springTestContextBeforeTestMethod -->
        <test-method status="PASS" signature="springTestContextAfterTestMethod(java.lang.reflect.Method)[pri:0, instance:com.testfan.mybatis.TUserMapperTest@6279cee3]" name="springTestContextAfterTestMethod" is-config="true" duration-ms="0" started-at="2018-08-05T01:35:21Z" finished-at="2018-08-05T01:35:21Z">
          <params>
            <param index="0">
              <value>
                <![CDATA[public void com.testfan.mybatis.TUserMapperTest.add(com.testfan.testng.TestBean)]]>
              </value>
            </param>
          </params>
          <reporter-output>
          </reporter-output>
        </test-method> <!-- springTestContextAfterTestMethod -->
        <test-method status="PASS" signature="add(com.testfan.testng.TestBean)[pri:0, instance:com.testfan.mybatis.TUserMapperTest@6279cee3]" name="add" duration-ms="8" started-at="2018-08-05T01:35:21Z" data-provider="db" finished-at="2018-08-05T01:35:21Z">
          <params>
            <param index="0">
              <value>
                <![CDATA[com.testfan.testng.TestBean@be68757]]>
              </value>
            </param>
          </params>
          <reporter-output>
          </reporter-output>
        </test-method> <!-- add -->
        <test-method status="PASS" signature="springTestContextBeforeTestMethod(java.lang.reflect.Method)[pri:0, instance:com.testfan.mybatis.TUserMapperTest@6279cee3]" name="springTestContextBeforeTestMethod" is-config="true" duration-ms="0" started-at="2018-08-05T01:35:21Z" finished-at="2018-08-05T01:35:21Z">
          <params>
            <param index="0">
              <value>
                <![CDATA[public void com.testfan.mybatis.TUserMapperTest.add(com.testfan.testng.TestBean)]]>
              </value>
            </param>
          </params>
          <reporter-output>
          </reporter-output>
        </test-method> <!-- springTestContextBeforeTestMethod -->
        <test-method status="PASS" signature="add(com.testfan.testng.TestBean)[pri:0, instance:com.testfan.mybatis.TUserMapperTest@6279cee3]" name="add" duration-ms="8" started-at="2018-08-05T01:35:21Z" data-provider="db" finished-at="2018-08-05T01:35:21Z">
          <params>
            <param index="0">
              <value>
                <![CDATA[com.testfan.testng.TestBean@7d446ed1]]>
              </value>
            </param>
          </params>
          <reporter-output>
          </reporter-output>
        </test-method> <!-- add -->
        <test-method status="PASS" signature="springTestContextAfterTestMethod(java.lang.reflect.Method)[pri:0, instance:com.testfan.mybatis.TUserMapperTest@6279cee3]" name="springTestContextAfterTestMethod" is-config="true" duration-ms="0" started-at="2018-08-05T01:35:21Z" finished-at="2018-08-05T01:35:21Z">
          <params>
            <param index="0">
              <value>
                <![CDATA[public void com.testfan.mybatis.TUserMapperTest.add(com.testfan.testng.TestBean)]]>
              </value>
            </param>
          </params>
          <reporter-output>
          </reporter-output>
        </test-method> <!-- springTestContextAfterTestMethod -->
        <test-method status="PASS" signature="springTestContextAfterTestClass()[pri:0, instance:com.testfan.mybatis.TUserMapperTest@6279cee3]" name="springTestContextAfterTestClass" is-config="true" duration-ms="0" started-at="2018-08-05T01:35:21Z" finished-at="2018-08-05T01:35:21Z">
          <reporter-output>
          </reporter-output>
        </test-method> <!-- springTestContextAfterTestClass -->
        <test-method status="PASS" signature="springTestContextAfterTestMethod(java.lang.reflect.Method)[pri:0, instance:com.testfan.mybatis.TUserMapperTest@6279cee3]" name="springTestContextAfterTestMethod" is-config="true" duration-ms="0" started-at="2018-08-05T01:35:21Z" finished-at="2018-08-05T01:35:21Z">
          <params>
            <param index="0">
              <value>
                <![CDATA[public void com.testfan.mybatis.TUserMapperTest.add(com.testfan.testng.TestBean)]]>
              </value>
            </param>
          </params>
          <reporter-output>
          </reporter-output>
        </test-method> <!-- springTestContextAfterTestMethod -->
      </class> <!-- com.testfan.mybatis.TUserMapperTest -->
      <class name="com.testfan.mybatis.TUser2MapperTest">
        <test-method status="PASS" signature="springTestContextBeforeTestClass()[pri:0, instance:com.testfan.mybatis.TUser2MapperTest@c8e4bb0]" name="springTestContextBeforeTestClass" is-config="true" duration-ms="4" started-at="2018-08-05T01:35:18Z" finished-at="2018-08-05T01:35:18Z">
          <reporter-output>
          </reporter-output>
        </test-method> <!-- springTestContextBeforeTestClass -->
        <test-method status="PASS" signature="springTestContextPrepareTestInstance()[pri:0, instance:com.testfan.mybatis.TUser2MapperTest@c8e4bb0]" name="springTestContextPrepareTestInstance" is-config="true" duration-ms="1565" started-at="2018-08-05T01:35:18Z" depends-on-methods="org.springframework.test.context.testng.AbstractTestNGSpringContextTests.springTestContextBeforeTestClass" finished-at="2018-08-05T01:35:19Z">
          <reporter-output>
          </reporter-output>
        </test-method> <!-- springTestContextPrepareTestInstance -->
        <test-method status="PASS" signature="springTestContextBeforeTestMethod(java.lang.reflect.Method)[pri:0, instance:com.testfan.mybatis.TUser2MapperTest@c8e4bb0]" name="springTestContextBeforeTestMethod" is-config="true" duration-ms="5" started-at="2018-08-05T01:35:19Z" finished-at="2018-08-05T01:35:19Z">
          <params>
            <param index="0">
              <value>
                <![CDATA[public void com.testfan.mybatis.TUser2MapperTest.countByExample()]]>
              </value>
            </param>
          </params>
          <reporter-output>
          </reporter-output>
        </test-method> <!-- springTestContextBeforeTestMethod -->
        <test-method status="PASS" signature="countByExample()[pri:0, instance:com.testfan.mybatis.TUser2MapperTest@c8e4bb0]" name="countByExample" duration-ms="1453" started-at="2018-08-05T01:35:19Z" finished-at="2018-08-05T01:35:21Z">
          <reporter-output>
          </reporter-output>
        </test-method> <!-- countByExample -->
        <test-method status="PASS" signature="springTestContextAfterTestMethod(java.lang.reflect.Method)[pri:0, instance:com.testfan.mybatis.TUser2MapperTest@c8e4bb0]" name="springTestContextAfterTestMethod" is-config="true" duration-ms="4" started-at="2018-08-05T01:35:21Z" finished-at="2018-08-05T01:35:21Z">
          <params>
            <param index="0">
              <value>
                <![CDATA[public void com.testfan.mybatis.TUser2MapperTest.countByExample()]]>
              </value>
            </param>
          </params>
          <reporter-output>
          </reporter-output>
        </test-method> <!-- springTestContextAfterTestMethod -->
        <test-method status="PASS" signature="springTestContextAfterTestClass()[pri:0, instance:com.testfan.mybatis.TUser2MapperTest@c8e4bb0]" name="springTestContextAfterTestClass" is-config="true" duration-ms="1" started-at="2018-08-05T01:35:21Z" finished-at="2018-08-05T01:35:21Z">
          <reporter-output>
          </reporter-output>
        </test-method> <!-- springTestContextAfterTestClass -->
      </class> <!-- com.testfan.mybatis.TUser2MapperTest -->
      <class name="com.testfan.testng.TestNgTest">
        <test-method status="PASS" signature="beforeClass()[pri:0, instance:com.testfan.testng.TestNgTest@4206a205]" name="beforeClass" is-config="true" duration-ms="24" started-at="2018-08-05T01:35:18Z" finished-at="2018-08-05T01:35:18Z">
          <reporter-output>
          </reporter-output>
        </test-method> <!-- beforeClass -->
        <test-method status="PASS" signature="b()[pri:0, instance:com.testfan.testng.TestNgTest@4206a205]" name="b" duration-ms="1" started-at="2018-08-05T01:35:18Z" finished-at="2018-08-05T01:35:18Z">
          <reporter-output>
          </reporter-output>
        </test-method> <!-- b -->
        <test-method status="PASS" signature="beforeMethod()[pri:0, instance:com.testfan.testng.TestNgTest@4206a205]" name="beforeMethod" is-config="true" duration-ms="0" started-at="2018-08-05T01:35:18Z" finished-at="2018-08-05T01:35:18Z">
          <reporter-output>
          </reporter-output>
        </test-method> <!-- beforeMethod -->
        <test-method status="PASS" signature="afterMethod()[pri:0, instance:com.testfan.testng.TestNgTest@4206a205]" name="afterMethod" is-config="true" duration-ms="1" started-at="2018-08-05T01:35:18Z" finished-at="2018-08-05T01:35:18Z">
          <reporter-output>
          </reporter-output>
        </test-method> <!-- afterMethod -->
        <test-method status="PASS" signature="beforeMethod()[pri:0, instance:com.testfan.testng.TestNgTest@4206a205]" name="beforeMethod" is-config="true" duration-ms="2" started-at="2018-08-05T01:35:21Z" finished-at="2018-08-05T01:35:21Z">
          <reporter-output>
          </reporter-output>
        </test-method> <!-- beforeMethod -->
        <test-method status="FAIL" signature="a()[pri:0, instance:com.testfan.testng.TestNgTest@4206a205]" name="a" duration-ms="12" started-at="2018-08-05T01:35:21Z" depends-on-methods="com.testfan.testng.TestNgTest.b" finished-at="2018-08-05T01:35:21Z">
          <exception class="java.lang.AssertionError">
            <message>
              <![CDATA[Not yet implemented]]>
            </message>
            <full-stacktrace>
              <![CDATA[java.lang.AssertionError: Not yet implemented
at org.testng.Assert.fail(Assert.java:96)
at com.testfan.testng.TestNgTest.a(TestNgTest.java:17)
at sun.reflect.NativeMethodAccessorImpl.invoke0(Native Method)
at sun.reflect.NativeMethodAccessorImpl.invoke(NativeMethodAccessorImpl.java:62)
at sun.reflect.DelegatingMethodAccessorImpl.invoke(DelegatingMethodAccessorImpl.java:43)
at java.lang.reflect.Method.invoke(Method.java:498)
at org.testng.internal.MethodInvocationHelper.invokeMethod(MethodInvocationHelper.java:124)
at org.testng.internal.Invoker.invokeMethod(Invoker.java:583)
at org.testng.internal.Invoker.invokeTestMethod(Invoker.java:719)
at org.testng.internal.Invoker.invokeTestMethods(Invoker.java:989)
at org.testng.internal.TestMethodWorker.invokeTestMethods(TestMethodWorker.java:125)
at org.testng.internal.TestMethodWorker.run(TestMethodWorker.java:109)
at org.testng.TestRunner.privateRun(TestRunner.java:648)
at org.testng.TestRunner.run(TestRunner.java:505)
at org.testng.SuiteRunner.runTest(SuiteRunner.java:455)
at org.testng.SuiteRunner.runSequentially(SuiteRunner.java:450)
at org.testng.SuiteRunner.privateRun(SuiteRunner.java:415)
at org.testng.SuiteRunner.run(SuiteRunner.java:364)
at org.testng.SuiteRunnerWorker.runSuite(SuiteRunnerWorker.java:52)
at org.testng.SuiteRunnerWorker.run(SuiteRunnerWorker.java:84)
at org.testng.TestNG.runSuitesSequentially(TestNG.java:1208)
at org.testng.TestNG.runSuitesLocally(TestNG.java:1137)
at org.testng.TestNG.runSuites(TestNG.java:1049)
at org.testng.TestNG.run(TestNG.java:1017)
at org.apache.maven.surefire.testng.TestNGExecutor.run(TestNGExecutor.java:77)
at org.apache.maven.surefire.testng.TestNGDirectoryTestSuite.executeMulti(TestNGDirectoryTestSuite.java:159)
at org.apache.maven.surefire.testng.TestNGDirectoryTestSuite.execute(TestNGDirectoryTestSuite.java:99)
at org.apache.maven.surefire.testng.TestNGProvider.invoke(TestNGProvider.java:106)
at sun.reflect.NativeMethodAccessorImpl.invoke0(Native Method)
at sun.reflect.NativeMethodAccessorImpl.invoke(NativeMethodAccessorImpl.java:62)
at sun.reflect.DelegatingMethodAccessorImpl.invoke(DelegatingMethodAccessorImpl.java:43)
at java.lang.reflect.Method.invoke(Method.java:498)
at org.apache.maven.surefire.util.ReflectionUtils.invokeMethodWithArray(ReflectionUtils.java:189)
at org.apache.maven.surefire.booter.ProviderFactory$ProviderProxy.invoke(ProviderFactory.java:165)
at org.apache.maven.surefire.booter.ProviderFactory.invokeProvider(ProviderFactory.java:85)
at org.apache.maven.surefire.booter.ForkedBooter.runSuitesInProcess(ForkedBooter.java:115)
at org.apache.maven.surefire.booter.ForkedBooter.main(ForkedBooter.java:75)
]]>
            </full-stacktrace>
          </exception> <!-- java.lang.AssertionError -->
          <reporter-output>
          </reporter-output>
        </test-method> <!-- a -->
        <test-method status="PASS" signature="afterMethod()[pri:0, instance:com.testfan.testng.TestNgTest@4206a205]" name="afterMethod" is-config="true" duration-ms="0" started-at="2018-08-05T01:35:21Z" finished-at="2018-08-05T01:35:21Z">
          <reporter-output>
          </reporter-output>
        </test-method> <!-- afterMethod -->
        <test-method status="PASS" signature="afterClass()[pri:0, instance:com.testfan.testng.TestNgTest@4206a205]" name="afterClass" is-config="true" duration-ms="1" started-at="2018-08-05T01:35:21Z" finished-at="2018-08-05T01:35:21Z">
          <reporter-output>
          </reporter-output>
        </test-method> <!-- afterClass -->
      </class> <!-- com.testfan.testng.TestNgTest -->
    </test> <!-- Command line test -->
  </suite> <!-- Command line suite -->
</testng-results>
